  main.c
C:\Program Files (x86)\Windows Kits\10\Include\10.0.19041.0\shared\ntdef.h(192,1): warning C4005: 'PROBE_ALIGNMENT': macro redefinition
C:\Program Files (x86)\Windows Kits\10\Include\10.0.19041.0\um\winnt.h(164,1): message : see previous definition of 'PROBE_ALIGNMENT'
C:\Program Files (x86)\Windows Kits\10\Include\10.0.19041.0\shared\ntdef.h(209,1): warning C4005: 'PROBE_ALIGNMENT32': macro redefinition
C:\Program Files (x86)\Windows Kits\10\Include\10.0.19041.0\um\winnt.h(181,1): message : see previous definition of 'PROBE_ALIGNMENT32'
C:\Program Files (x86)\Windows Kits\10\Include\10.0.19041.0\shared\ntdef.h(769,34): error C2011: '_PROCESSOR_NUMBER': 'struct' type redefinition
C:\Program Files (x86)\Windows Kits\10\Include\10.0.19041.0\um\winnt.h(624,16): message : see declaration of '_PROCESSOR_NUMBER'
C:\Program Files (x86)\Windows Kits\10\Include\10.0.19041.0\shared\ntdef.h(780,32): error C2011: '_GROUP_AFFINITY': 'struct' type redefinition
C:\Program Files (x86)\Windows Kits\10\Include\10.0.19041.0\um\winnt.h(635,16): message : see declaration of '_GROUP_AFFINITY'
C:\Program Files (x86)\Windows Kits\10\Include\10.0.19041.0\shared\ntdef.h(1109,26): error C2011: '_FLOAT128': 'struct' type redefinition
C:\Program Files (x86)\Windows Kits\10\Include\10.0.19041.0\um\winnt.h(801,16): message : see declaration of '_FLOAT128'
C:\Program Files (x86)\Windows Kits\10\Include\10.0.19041.0\shared\ntdef.h(1162,30): error C2011: '_LARGE_INTEGER': 'union' type redefinition
C:\Program Files (x86)\Windows Kits\10\Include\10.0.19041.0\um\winnt.h(850,15): message : see declaration of '_LARGE_INTEGER'
C:\Program Files (x86)\Windows Kits\10\Include\10.0.19041.0\shared\ntdef.h(1182,31): error C2011: '_ULARGE_INTEGER': 'union' type redefinition
C:\Program Files (x86)\Windows Kits\10\Include\10.0.19041.0\um\winnt.h(870,15): message : see declaration of '_ULARGE_INTEGER'
C:\Program Files (x86)\Windows Kits\10\Include\10.0.19041.0\shared\ntdef.h(1212,22): error C2011: '_LUID': 'struct' type redefinition
C:\Program Files (x86)\Windows Kits\10\Include\10.0.19041.0\um\winnt.h(900,16): message : see declaration of '_LUID'
C:\Program Files (x86)\Windows Kits\10\Include\10.0.19041.0\shared\ntdef.h(1579,1): warning C4005: 'UNICODE_STRING_MAX_BYTES': macro redefinition
C:\Program Files (x86)\Windows Kits\10\Include\10.0.19041.0\um\winnt.h(1137,1): message : see previous definition of 'UNICODE_STRING_MAX_BYTES'
C:\Program Files (x86)\Windows Kits\10\Include\10.0.19041.0\shared\ntdef.h(1625,28): error C2011: '_LIST_ENTRY': 'struct' type redefinition
C:\Program Files (x86)\Windows Kits\10\Include\10.0.19041.0\um\winnt.h(1146,16): message : see declaration of '_LIST_ENTRY'
C:\Program Files (x86)\Windows Kits\10\Include\10.0.19041.0\shared\ntdef.h(1635,35): error C2011: '_SINGLE_LIST_ENTRY': 'struct' type redefinition
C:\Program Files (x86)\Windows Kits\10\Include\10.0.19041.0\um\winnt.h(1156,16): message : see declaration of '_SINGLE_LIST_ENTRY'
C:\Program Files (x86)\Windows Kits\10\Include\10.0.19041.0\shared\ntdef.h(1682,29): error C2011: 'LIST_ENTRY32': 'struct' type redefinition
C:\Program Files (x86)\Windows Kits\10\Include\10.0.19041.0\um\winnt.h(1167,16): message : see declaration of 'LIST_ENTRY32'
C:\Program Files (x86)\Windows Kits\10\Include\10.0.19041.0\shared\ntdef.h(1688,29): error C2011: 'LIST_ENTRY64': 'struct' type redefinition
C:\Program Files (x86)\Windows Kits\10\Include\10.0.19041.0\um\winnt.h(1173,16): message : see declaration of 'LIST_ENTRY64'
C:\Program Files (x86)\Windows Kits\10\Include\10.0.19041.0\shared\ntdef.h(1933,1): warning C4005: 'UFIELD_OFFSET': macro redefinition
C:\Program Files (x86)\Windows Kits\10\Include\10.0.19041.0\um\winnt.h(1206,1): message : see previous definition of 'UFIELD_OFFSET'
C:\Program Files (x86)\Windows Kits\10\Include\10.0.19041.0\shared\ntdef.h(3033,1): warning C4005: 'MAKELANGID': macro redefinition
C:\Program Files (x86)\Windows Kits\10\Include\10.0.19041.0\um\winnt.h(2196,1): message : see previous definition of 'MAKELANGID'
C:\Program Files (x86)\Windows Kits\10\Include\10.0.19041.0\shared\ntdef.h(3034,1): warning C4005: 'PRIMARYLANGID': macro redefinition
C:\Program Files (x86)\Windows Kits\10\Include\10.0.19041.0\um\winnt.h(2197,1): message : see previous definition of 'PRIMARYLANGID'
C:\Program Files (x86)\Windows Kits\10\Include\10.0.19041.0\shared\ntdef.h(3035,1): warning C4005: 'SUBLANGID': macro redefinition
C:\Program Files (x86)\Windows Kits\10\Include\10.0.19041.0\um\winnt.h(2198,1): message : see previous definition of 'SUBLANGID'
C:\Program Files (x86)\Windows Kits\10\Include\10.0.19041.0\shared\ntdef.h(3079,1): warning C4005: 'MAKELCID': macro redefinition
C:\Program Files (x86)\Windows Kits\10\Include\10.0.19041.0\um\winnt.h(2242,1): message : see previous definition of 'MAKELCID'
C:\Program Files (x86)\Windows Kits\10\Include\10.0.19041.0\shared\ntdef.h(3082,1): warning C4005: 'MAKESORTLCID': macro redefinition
C:\Program Files (x86)\Windows Kits\10\Include\10.0.19041.0\um\winnt.h(2245,1): message : see previous definition of 'MAKESORTLCID'
C:\Program Files (x86)\Windows Kits\10\Include\10.0.19041.0\shared\ntdef.h(3083,1): warning C4005: 'LANGIDFROMLCID': macro redefinition
C:\Program Files (x86)\Windows Kits\10\Include\10.0.19041.0\um\winnt.h(2246,1): message : see previous definition of 'LANGIDFROMLCID'
C:\Program Files (x86)\Windows Kits\10\Include\10.0.19041.0\shared\ntdef.h(3084,1): warning C4005: 'SORTIDFROMLCID': macro redefinition
C:\Program Files (x86)\Windows Kits\10\Include\10.0.19041.0\um\winnt.h(2247,1): message : see previous definition of 'SORTIDFROMLCID'
C:\Program Files (x86)\Windows Kits\10\Include\10.0.19041.0\shared\ntdef.h(3085,1): warning C4005: 'SORTVERSIONFROMLCID': macro redefinition
C:\Program Files (x86)\Windows Kits\10\Include\10.0.19041.0\um\winnt.h(2248,1): message : see previous definition of 'SORTVERSIONFROMLCID'
C:\Users\jackm\Desktop\malDev\aes_encryption\main.c(25,55): warning C4047: '==': 'DWORD' differs in levels of indirection from 'void *'
C:\Users\jackm\Desktop\malDev\aes_encryption\main.c(36,7): warning C4013: 'InstallAesEncryption' undefined; assuming extern returning int
C:\Users\jackm\Desktop\malDev\aes_encryption\main.c(48,57): warning C4047: '==': 'DWORD' differs in levels of indirection from 'void *'
C:\Users\jackm\Desktop\malDev\aes_encryption\main.c(59,7): warning C4013: 'InstallAesDecryption' undefined; assuming extern returning int
C:\Users\jackm\Desktop\malDev\aes_encryption\main.c(77,16): warning C4047: 'initializing': 'ULONG' differs in levels of indirection from 'void *'
C:\Users\jackm\Desktop\malDev\aes_encryption\main.c(78,16): warning C4047: 'initializing': 'DWORD' differs in levels of indirection from 'void *'
C:\Users\jackm\Desktop\malDev\aes_encryption\main.c(80,16): warning C4047: 'initializing': 'DWORD' differs in levels of indirection from 'void *'
C:\Users\jackm\Desktop\malDev\aes_encryption\main.c(84,16): warning C4047: 'initializing': 'DWORD' differs in levels of indirection from 'void *'
C:\Users\jackm\Desktop\malDev\aes_encryption\main.c(177,24): warning C4047: 'initializing': 'ULONG' differs in levels of indirection from 'void *'
C:\Users\jackm\Desktop\malDev\aes_encryption\main.c(178,24): warning C4047: 'initializing': 'DWORD' differs in levels of indirection from 'void *'
C:\Users\jackm\Desktop\malDev\aes_encryption\main.c(180,24): warning C4047: 'initializing': 'DWORD' differs in levels of indirection from 'void *'
C:\Users\jackm\Desktop\malDev\aes_encryption\main.c(184,24): warning C4047: 'initializing': 'DWORD' differs in levels of indirection from 'void *'
C:\Users\jackm\Desktop\malDev\aes_encryption\main.c(312,8): warning C4013: 'time' undefined; assuming extern returning int
C:\Users\jackm\Desktop\malDev\aes_encryption\main.c(324,8): warning C4047: 'initializing': 'DWORD' differs in levels of indirection from 'void *'
